c:\users\natha\source\repos\mediocrebonk\mediocrebonk\mediocrebonk\x64\debug\vc143.pdb
c:\users\natha\source\repos\mediocrebonk\mediocrebonk\mediocrebonk\x64\debug\vc143.idb
c:\users\natha\source\repos\mediocrebonk\mediocrebonk\mediocrebonk\x64\debug\main.obj
c:\users\natha\source\repos\mediocrebonk\mediocrebonk\x64\debug\sfml-graphics-d-3.dll
c:\users\natha\source\repos\mediocrebonk\mediocrebonk\x64\debug\sfml-window-d-3.dll
c:\users\natha\source\repos\mediocrebonk\mediocrebonk\x64\debug\sfml-system-d-3.dll
c:\users\natha\source\repos\mediocrebonk\mediocrebonk\x64\debug\freetyped.dll
c:\users\natha\source\repos\mediocrebonk\mediocrebonk\x64\debug\zlibd1.dll
c:\users\natha\source\repos\mediocrebonk\mediocrebonk\x64\debug\bz2d.dll
c:\users\natha\source\repos\mediocrebonk\mediocrebonk\x64\debug\libpng16d.dll
c:\users\natha\source\repos\mediocrebonk\mediocrebonk\x64\debug\brotlidec.dll
c:\users\natha\source\repos\mediocrebonk\mediocrebonk\x64\debug\brotlicommon.dll
c:\users\natha\source\repos\mediocrebonk\mediocrebonk\x64\debug\sfml-audio-d-3.dll
c:\users\natha\source\repos\mediocrebonk\mediocrebonk\x64\debug\vorbis.dll
c:\users\natha\source\repos\mediocrebonk\mediocrebonk\x64\debug\ogg.dll
c:\users\natha\source\repos\mediocrebonk\mediocrebonk\x64\debug\vorbisfile.dll
c:\users\natha\source\repos\mediocrebonk\mediocrebonk\x64\debug\vorbisenc.dll
c:\users\natha\source\repos\mediocrebonk\mediocrebonk\x64\debug\flac.dll
c:\users\natha\source\repos\mediocrebonk\mediocrebonk\mediocrebonk\x64\debug\mediocrebonk.ilk
c:\users\natha\source\repos\mediocrebonk\mediocrebonk\x64\debug\mediocrebonk.pdb
c:\users\natha\source\repos\mediocrebonk\mediocrebonk\x64\debug\mediocrebonk.ilk
c:\users\natha\source\repos\mediocrebonk\mediocrebonk\mediocrebonk\x64\debug\mediocrebonk.tlog\cl.command.1.tlog
c:\users\natha\source\repos\mediocrebonk\mediocrebonk\mediocrebonk\x64\debug\mediocrebonk.tlog\cl.items.tlog
c:\users\natha\source\repos\mediocrebonk\mediocrebonk\mediocrebonk\x64\debug\mediocrebonk.tlog\cl.read.1.tlog
c:\users\natha\source\repos\mediocrebonk\mediocrebonk\mediocrebonk\x64\debug\mediocrebonk.tlog\cl.write.1.tlog
c:\users\natha\source\repos\mediocrebonk\mediocrebonk\mediocrebonk\x64\debug\mediocrebonk.tlog\link.command.1.tlog
c:\users\natha\source\repos\mediocrebonk\mediocrebonk\mediocrebonk\x64\debug\mediocrebonk.tlog\link.read.1.tlog
c:\users\natha\source\repos\mediocrebonk\mediocrebonk\mediocrebonk\x64\debug\mediocrebonk.tlog\link.secondary.1.tlog
c:\users\natha\source\repos\mediocrebonk\mediocrebonk\mediocrebonk\x64\debug\mediocrebonk.tlog\link.write.1.tlog
c:\users\natha\source\repos\mediocrebonk\mediocrebonk\mediocrebonk\x64\debug\mediocrebonk.tlog\mediocrebonk.write.1u.tlog
